#
# There is insufficient memory for the Java Runtime Environment to continue.
# Native memory allocation (malloc) failed to allocate 131088 bytes for Chunk::new
# Possible reasons:
#   The system is out of physical RAM or swap space
#   In 32 bit mode, the process size limit was hit
# Possible solutions:
#   Reduce memory load on the system
#   Increase physical memory or swap space
#   Check if swap backing store is full
#   Use 64 bit Java on a 64 bit OS
#   Decrease Java heap size (-Xmx/-Xms)
#   Decrease number of Java threads
#   Decrease Java thread stack sizes (-Xss)
#   Set larger code cache with -XX:ReservedCodeCacheSize=
# This output file may be truncated or incomplete.
#
#  Out of Memory Error (allocation.cpp:328), pid=805532, tid=800444
#
# JRE version: 7.0_21-b11
# Java VM: Java HotSpot(TM) 64-Bit Server VM (23.21-b01 mixed mode windows-amd64 compressed oops)
# Failed to write core dump. Minidumps are not enabled by default on client versions of Windows
#

---------------  T H R E A D  ---------------

Current thread (0x0000000010e07000):  JavaThread "C2 CompilerThread1" daemon [_thread_in_native, id=800444, stack(0x0000000012550000,0x0000000012650000)]

Stack: [0x0000000012550000,0x0000000012650000]

Current CompileTask:
C2:  81199 2730   !         rubyjit.find_real_file_448014E98504B3E5F3B7A882050148C923AE3C1C::block_0$RUBY$__file__ (295 bytes)


---------------  P R O C E S S  ---------------

Java Threads: ( => current thread )
  0x0000000015156800 JavaThread "ReferenceReaper" daemon [_thread_blocked, id=797360, stack(0x0000000015da0000,0x0000000015ea0000)]
  0x0000000010e0f800 JavaThread "Service Thread" daemon [_thread_blocked, id=805700, stack(0x0000000012660000,0x0000000012760000)]
=>0x0000000010e07000 JavaThread "C2 CompilerThread1" daemon [_thread_in_native, id=800444, stack(0x0000000012550000,0x0000000012650000)]
  0x0000000010e01800 JavaThread "C2 CompilerThread0" daemon [_thread_blocked, id=803664, stack(0x0000000012430000,0x0000000012530000)]
  0x0000000010e00800 JavaThread "Attach Listener" daemon [_thread_blocked, id=803144, stack(0x0000000012300000,0x0000000012400000)]
  0x0000000010df9800 JavaThread "Signal Dispatcher" daemon [_thread_blocked, id=568, stack(0x00000000121f0000,0x00000000122f0000)]
  0x00000000024cf800 JavaThread "Finalizer" daemon [_thread_blocked, id=805652, stack(0x0000000011ca0000,0x0000000011da0000)]
  0x00000000024c8800 JavaThread "Reference Handler" daemon [_thread_blocked, id=794584, stack(0x0000000011fe0000,0x00000000120e0000)]
  0x00000000023cf000 JavaThread "main" [_thread_in_Java, id=5508, stack(0x00000000025b0000,0x00000000026b0000)]

Other Threads:
  0x0000000010d73000 VMThread [stack: 0x0000000011e10000,0x0000000011f10000] [id=804964]
  0x0000000010e59000 WatcherThread [stack: 0x0000000012cb0000,0x0000000012db0000] [id=800884]

VM state:not at safepoint (normal execution)

VM Mutex/Monitor currently owned by a thread: None

Heap
 PSYoungGen      total 422016K, used 319894K [0x00000007ac160000, 0x00000007c7970000, 0x0000000800000000)
  eden space 393408K, 79% used [0x00000007ac160000,0x00000007bf168608,0x00000007c4190000)
  from space 28608K, 29% used [0x00000007c5d80000,0x00000007c65dd268,0x00000007c7970000)
  to   space 2752K, 0% used [0x00000007c52e0000,0x00000007c52e0000,0x00000007c5590000)
 ParOldGen       total 171840K, used 79720K [0x0000000704400000, 0x000000070ebd0000, 0x00000007ac160000)
  object space 171840K, 46% used [0x0000000704400000,0x00000007091da0a8,0x000000070ebd0000)
 PSPermGen       total 39296K, used 39295K [0x00000006ff200000, 0x0000000701860000, 0x0000000704400000)
  object space 39296K, 99% used [0x00000006ff200000,0x000000070185fc38,0x0000000701860000)

Card table byte_map: [0x00000000056b0000,0x0000000005ec0000] byte_map_base: 0x0000000001eb7000

Polling page: 0x0000000000150000

Code Cache  [0x00000000026b0000, 0x0000000003240000, 0x00000000056b0000)
 total_blobs=2944 nmethods=2525 adapters=367 free_code_cache=37488Kb largest_free_block=38246272

Compilation events (10 events):
Event: 80.976 Thread 0x0000000010e01800 2726             rubyjit.visit_prop_7596AA694B0DA6A9D34CF69779C5FFA2015C308A::__file__ (10 bytes)
Event: 80.977 Thread 0x0000000010e07000 nmethod 2725 0x0000000003204a10 code [0x0000000003204be0, 0x00000000032053d0]
Event: 80.979 Thread 0x0000000010e07000 2727             rubyjit.visit_prop_7596AA694B0DA6A9D34CF69779C5FFA2015C308A::__file__ (143 bytes)
Event: 80.999 Thread 0x0000000010e07000 nmethod 2727 0x000000000322ef50 code [0x000000000322f240, 0x0000000003230488]
Event: 81.000 Thread 0x0000000010e01800 nmethod 2726 0x00000000032328d0 code [0x0000000003232bc0, 0x0000000003233e08]
Event: 81.132 Thread 0x0000000010e07000 2728             org.jruby.RubyArray$i$1$0$op_and::call (10 bytes)
Event: 81.133 Thread 0x0000000010e07000 nmethod 2728 0x00000000029e9e10 code [0x00000000029e9f60, 0x00000000029ea028]
Event: 81.154 Thread 0x0000000010e01800 2729             java.io.ExpiringCache::cleanup (94 bytes)
Event: 81.160 Thread 0x0000000010e01800 nmethod 2729 0x00000000031fe590 code [0x00000000031fe740, 0x00000000031feba8]
Event: 81.168 Thread 0x0000000010e07000 2730   !         rubyjit.find_real_file_448014E98504B3E5F3B7A882050148C923AE3C1C::block_0$RUBY$__file__ (295 bytes)

GC Heap History (10 events):
Event: 52.417 GC heap before
{Heap before GC invocations=24 (full 0):
 PSYoungGen      total 396160K, used 396160K [0x00000007ac160000, 0x00000007c7970000, 0x0000000800000000)
  eden space 393408K, 100% used [0x00000007ac160000,0x00000007c4190000,0x00000007c4190000)
  from space 2752K, 100% used [0x00000007c52e0000,0x00000007c5590000,0x00000007c5590000)
  to   space 28608K, 0% used [0x00000007c5d80000,0x00000007c5d80000,0x00000007c7970000)
 ParOldGen       total 171840K, used 60375K [0x0000000704400000, 0x000000070ebd0000, 0x00000007ac160000)
  object space 171840K, 35% used [0x0000000704400000,0x0000000707ef5d40,0x000000070ebd0000)
 PSPermGen       total 36992K, used 36811K [0x00000006ff200000, 0x0000000701620000, 0x0000000704400000)
  object space 36992K, 99% used [0x00000006ff200000,0x00000007015f2f08,0x0000000701620000)
Event: 52.428 GC heap after
Heap after GC invocations=24 (full 0):
 PSYoungGen      total 422016K, used 3412K [0x00000007ac160000, 0x00000007c7970000, 0x0000000800000000)
  eden space 393408K, 0% used [0x00000007ac160000,0x00000007ac160000,0x00000007c4190000)
  from space 28608K, 11% used [0x00000007c5d80000,0x00000007c60d5268,0x00000007c7970000)
  to   space 2752K, 0% used [0x00000007c52e0000,0x00000007c52e0000,0x00000007c5590000)
 ParOldGen       total 171840K, used 62531K [0x0000000704400000, 0x000000070ebd0000, 0x00000007ac160000)
  object space 171840K, 36% used [0x0000000704400000,0x0000000708110f28,0x000000070ebd0000)
 PSPermGen       total 36992K, used 36811K [0x00000006ff200000, 0x0000000701620000, 0x0000000704400000)
  object space 36992K, 99% used [0x00000006ff200000,0x00000007015f2f08,0x0000000701620000)
}
Event: 61.067 GC heap before
{Heap before GC invocations=25 (full 0):
 PSYoungGen      total 422016K, used 396820K [0x00000007ac160000, 0x00000007c7970000, 0x0000000800000000)
  eden space 393408K, 100% used [0x00000007ac160000,0x00000007c4190000,0x00000007c4190000)
  from space 28608K, 11% used [0x00000007c5d80000,0x00000007c60d5268,0x00000007c7970000)
  to   space 2752K, 0% used [0x00000007c52e0000,0x00000007c52e0000,0x00000007c5590000)
 ParOldGen       total 171840K, used 62531K [0x0000000704400000, 0x000000070ebd0000, 0x00000007ac160000)
  object space 171840K, 36% used [0x0000000704400000,0x0000000708110f28,0x000000070ebd0000)
 PSPermGen       total 37376K, used 37291K [0x00000006ff200000, 0x0000000701680000, 0x0000000704400000)
  object space 37376K, 99% used [0x00000006ff200000,0x000000070166ae18,0x0000000701680000)
Event: 61.214 GC heap after
Heap after GC invocations=25 (full 0):
 PSYoungGen      total 396160K, used 2731K [0x00000007ac160000, 0x00000007c7970000, 0x0000000800000000)
  eden space 393408K, 0% used [0x00000007ac160000,0x00000007ac160000,0x00000007c4190000)
  from space 2752K, 99% used [0x00000007c52e0000,0x00000007c558ae60,0x00000007c5590000)
  to   space 28608K, 0% used [0x00000007c5d80000,0x00000007c5d80000,0x00000007c7970000)
 ParOldGen       total 171840K, used 72037K [0x0000000704400000, 0x000000070ebd0000, 0x00000007ac160000)
  object space 171840K, 41% used [0x0000000704400000,0x0000000708a594c0,0x000000070ebd0000)
 PSPermGen       total 37376K, used 37291K [0x00000006ff200000, 0x0000000701680000, 0x0000000704400000)
  object space 37376K, 99% used [0x00000006ff200000,0x000000070166ae18,0x0000000701680000)
}
Event: 65.904 GC heap before
{Heap before GC invocations=26 (full 0):
 PSYoungGen      total 396160K, used 396139K [0x00000007ac160000, 0x00000007c7970000, 0x0000000800000000)
  eden space 393408K, 100% used [0x00000007ac160000,0x00000007c4190000,0x00000007c4190000)
  from space 2752K, 99% used [0x00000007c52e0000,0x00000007c558ae60,0x00000007c5590000)
  to   space 28608K, 0% used [0x00000007c5d80000,0x00000007c5d80000,0x00000007c7970000)
 ParOldGen       total 171840K, used 72037K [0x0000000704400000, 0x000000070ebd0000, 0x00000007ac160000)
  object space 171840K, 41% used [0x0000000704400000,0x0000000708a594c0,0x000000070ebd0000)
 PSPermGen       total 38144K, used 38060K [0x00000006ff200000, 0x0000000701740000, 0x0000000704400000)
  object space 38144K, 99% used [0x00000006ff200000,0x000000070172b360,0x0000000701740000)
Event: 66.255 GC heap after
Heap after GC invocations=26 (full 0):
 PSYoungGen      total 422016K, used 5222K [0x00000007ac160000, 0x00000007c7970000, 0x0000000800000000)
  eden space 393408K, 0% used [0x00000007ac160000,0x00000007ac160000,0x00000007c4190000)
  from space 28608K, 18% used [0x00000007c5d80000,0x00000007c6299a48,0x00000007c7970000)
  to   space 2752K, 0% used [0x00000007c52e0000,0x00000007c52e0000,0x00000007c5590000)
 ParOldGen       total 171840K, used 74162K [0x0000000704400000, 0x000000070ebd0000, 0x00000007ac160000)
  object space 171840K, 43% used [0x0000000704400000,0x0000000708c6c980,0x000000070ebd0000)
 PSPermGen       total 38144K, used 38060K [0x00000006ff200000, 0x0000000701740000, 0x0000000704400000)
  object space 38144K, 99% used [0x00000006ff200000,0x000000070172b360,0x0000000701740000)
}
Event: 71.126 GC heap before
{Heap before GC invocations=27 (full 0):
 PSYoungGen      total 422016K, used 398630K [0x00000007ac160000, 0x00000007c7970000, 0x0000000800000000)
  eden space 393408K, 100% used [0x00000007ac160000,0x00000007c4190000,0x00000007c4190000)
  from space 28608K, 18% used [0x00000007c5d80000,0x00000007c6299a48,0x00000007c7970000)
  to   space 2752K, 0% used [0x00000007c52e0000,0x00000007c52e0000,0x00000007c5590000)
 ParOldGen       total 171840K, used 74162K [0x0000000704400000, 0x000000070ebd0000, 0x00000007ac160000)
  object space 171840K, 43% used [0x0000000704400000,0x0000000708c6c980,0x000000070ebd0000)
 PSPermGen       total 39296K, used 39142K [0x00000006ff200000, 0x0000000701860000, 0x0000000704400000)
  object space 39296K, 99% used [0x00000006ff200000,0x0000000701839880,0x0000000701860000)
Event: 71.237 GC heap after
Heap after GC invocations=27 (full 0):
 PSYoungGen      total 396160K, used 1758K [0x00000007ac160000, 0x00000007c7970000, 0x0000000800000000)
  eden space 393408K, 0% used [0x00000007ac160000,0x00000007ac160000,0x00000007c4190000)
  from space 2752K, 63% used [0x00000007c52e0000,0x00000007c5497b50,0x00000007c5590000)
  to   space 28608K, 0% used [0x00000007c5d80000,0x00000007c5d80000,0x00000007c7970000)
 ParOldGen       total 171840K, used 78454K [0x0000000704400000, 0x000000070ebd0000, 0x00000007ac160000)
  object space 171840K, 45% used [0x0000000704400000,0x000000070909d9c8,0x000000070ebd0000)
 PSPermGen       total 39296K, used 39142K [0x00000006ff200000, 0x0000000701860000, 0x0000000704400000)
  object space 39296K, 99% used [0x00000006ff200000,0x0000000701839880,0x0000000701860000)
}
Event: 76.211 GC heap before
{Heap before GC invocations=28 (full 0):
 PSYoungGen      total 396160K, used 395166K [0x00000007ac160000, 0x00000007c7970000, 0x0000000800000000)
  eden space 393408K, 100% used [0x00000007ac160000,0x00000007c4190000,0x00000007c4190000)
  from space 2752K, 63% used [0x00000007c52e0000,0x00000007c5497b50,0x00000007c5590000)
  to   space 28608K, 0% used [0x00000007c5d80000,0x00000007c5d80000,0x00000007c7970000)
 ParOldGen       total 171840K, used 78454K [0x0000000704400000, 0x000000070ebd0000, 0x00000007ac160000)
  object space 171840K, 45% used [0x0000000704400000,0x000000070909d9c8,0x000000070ebd0000)
 PSPermGen       total 39296K, used 39195K [0x00000006ff200000, 0x0000000701860000, 0x0000000704400000)
  object space 39296K, 99% used [0x00000006ff200000,0x0000000701846ed0,0x0000000701860000)
Event: 76.224 GC heap after
Heap after GC invocations=28 (full 0):
 PSYoungGen      total 422016K, used 8564K [0x00000007ac160000, 0x00000007c7970000, 0x0000000800000000)
  eden space 393408K, 0% used [0x00000007ac160000,0x00000007ac160000,0x00000007c4190000)
  from space 28608K, 29% used [0x00000007c5d80000,0x00000007c65dd268,0x00000007c7970000)
  to   space 2752K, 0% used [0x00000007c52e0000,0x00000007c52e0000,0x00000007c5590000)
 ParOldGen       total 171840K, used 79720K [0x0000000704400000, 0x000000070ebd0000, 0x00000007ac160000)
  object space 171840K, 46% used [0x0000000704400000,0x00000007091da0a8,0x000000070ebd0000)
 PSPermGen       total 39296K, used 39195K [0x00000006ff200000, 0x0000000701860000, 0x0000000704400000)
  object space 39296K, 99% used [0x00000006ff200000,0x0000000701846ed0,0x0000000701860000)
}

Deoptimization events (10 events):
Event: 70.719 Thread 0x00000000023cf000 Uncommon trap -34 fr.pc 0x0000000002c2dcc8
Event: 75.569 Thread 0x00000000023cf000 Uncommon trap -58 fr.pc 0x00000000031945a4
Event: 75.569 Thread 0x00000000023cf000 Uncommon trap -58 fr.pc 0x00000000031945a4
Event: 75.569 Thread 0x00000000023cf000 Uncommon trap -58 fr.pc 0x00000000031945a4
Event: 75.569 Thread 0x00000000023cf000 Uncommon trap -58 fr.pc 0x00000000031945a4
Event: 79.186 Thread 0x00000000023cf000 Uncommon trap -122 fr.pc 0x00000000031bca0c
Event: 79.498 Thread 0x00000000023cf000 Uncommon trap -42 fr.pc 0x0000000002d7a778
Event: 79.500 Thread 0x00000000023cf000 Uncommon trap -42 fr.pc 0x0000000002d7a778
Event: 79.502 Thread 0x00000000023cf000 Uncommon trap -42 fr.pc 0x0000000002d7a778
Event: 79.502 Thread 0x00000000023cf000 Uncommon trap -42 fr.pc 0x0000000002d7a778

Internal exceptions (10 events):
Event: 80.671 Thread 0x00000000023cf000 Threw 0x00000007bba44c80 at C:\jdk7u2_64p\jdk7u21\hotspot\src\share\vm\prims\jni.cpp:716
Event: 80.671 Thread 0x00000000023cf000 Threw 0x00000007bba53a80 at C:\jdk7u2_64p\jdk7u21\hotspot\src\share\vm\prims\jni.cpp:716
Event: 80.671 Thread 0x00000000023cf000 Threw 0x00000007bba53a80 at C:\jdk7u2_64p\jdk7u21\hotspot\src\share\vm\prims\jni.cpp:716
Event: 80.671 Thread 0x00000000023cf000 Threw 0x00000007bba53a80 at C:\jdk7u2_64p\jdk7u21\hotspot\src\share\vm\prims\jni.cpp:716
Event: 80.671 Thread 0x00000000023cf000 Threw 0x00000007bba53a80 at C:\jdk7u2_64p\jdk7u21\hotspot\src\share\vm\prims\jni.cpp:716
Event: 80.672 Thread 0x00000000023cf000 Threw 0x00000007bba62ee8 at C:\jdk7u2_64p\jdk7u21\hotspot\src\share\vm\prims\jni.cpp:716
Event: 80.672 Thread 0x00000000023cf000 Threw 0x00000007bba62ee8 at C:\jdk7u2_64p\jdk7u21\hotspot\src\share\vm\prims\jni.cpp:716
Event: 80.672 Thread 0x00000000023cf000 Threw 0x00000007bba62ee8 at C:\jdk7u2_64p\jdk7u21\hotspot\src\share\vm\prims\jni.cpp:716
Event: 80.672 Thread 0x00000000023cf000 Threw 0x00000007bba62ee8 at C:\jdk7u2_64p\jdk7u21\hotspot\src\share\vm\prims\jni.cpp:716
Event: 81.072 Thread 0x00000000023cf000 Threw 0x00000007be508580 at C:\jdk7u2_64p\jdk7u21\hotspot\src\share\vm\prims\jni.cpp:716

Events (10 events):
Event: 79.907 loading class 0x0000000013b6bdb0
Event: 79.907 loading class 0x0000000013b6bdb0 done
Event: 80.299 loading class 0x00000000151204e0
Event: 80.299 loading class 0x00000000151204e0 done
Event: 80.301 loading class 0x0000000013b6be20
Event: 80.301 loading class 0x0000000013b6be20 done
Event: 80.301 loading class 0x0000000013b6be20
Event: 80.301 loading class 0x0000000013b6be20 done
Event: 80.752 Thread 0x0000000010e07000 flushing nmethod 0x0000000002ad3d50
Event: 80.813 Thread 0x0000000010e01800 flushing nmethod 0x0000000002b2aad0


Dynamic libraries:
0x000000013f330000 - 0x000000013f363000 	C:\Program Files\Java\jre7\bin\java.exe
0x0000000077090000 - 0x000000007723a000 	C:\windows\SYSTEM32\ntdll.dll
0x0000000076e70000 - 0x0000000076f8f000 	C:\windows\system32\kernel32.dll
0x000007fefce60000 - 0x000007fefceca000 	C:\windows\system32\KERNELBASE.dll
0x0000000074ac0000 - 0x0000000074b49000 	C:\windows\System32\SYSFER.DLL
0x000007feff1e0000 - 0x000007feff2bb000 	C:\windows\system32\ADVAPI32.dll
0x000007fefdd10000 - 0x000007fefddaf000 	C:\windows\system32\msvcrt.dll
0x000007fefd760000 - 0x000007fefd77f000 	C:\windows\SYSTEM32\sechost.dll
0x000007fefd780000 - 0x000007fefd8ad000 	C:\windows\system32\RPCRT4.dll
0x0000000076f90000 - 0x000000007708a000 	C:\windows\system32\USER32.dll
0x000007fefd420000 - 0x000007fefd487000 	C:\windows\system32\GDI32.dll
0x000007fefd410000 - 0x000007fefd41e000 	C:\windows\system32\LPK.dll
0x000007fefdc40000 - 0x000007fefdd0a000 	C:\windows\system32\USP10.dll
0x000007fefb290000 - 0x000007fefb484000 	C:\windows\WinSxS\amd64_microsoft.windows.common-controls_6595b64144ccf1df_6.0.7601.18837_none_fa3b1e3d17594757\COMCTL32.dll
0x000007fefd180000 - 0x000007fefd1f1000 	C:\windows\system32\SHLWAPI.dll
0x000007fefd910000 - 0x000007fefd93e000 	C:\windows\system32\IMM32.DLL
0x000007fefddb0000 - 0x000007fefdeb9000 	C:\windows\system32\MSCTF.dll
0x000000006b700000 - 0x000000006b7d1000 	C:\Program Files\Java\jre7\bin\msvcr100.dll
0x000000006e750000 - 0x000000006ee71000 	C:\Program Files\Java\jre7\bin\server\jvm.dll
0x000007feed380000 - 0x000007feed389000 	C:\windows\system32\WSOCK32.dll
0x000007fefd710000 - 0x000007fefd75d000 	C:\windows\system32\WS2_32.dll
0x000007fefdc10000 - 0x000007fefdc18000 	C:\windows\system32\NSI.dll
0x000007fefa790000 - 0x000007fefa7cb000 	C:\windows\system32\WINMM.dll
0x0000000077260000 - 0x0000000077267000 	C:\windows\system32\PSAPI.DLL
0x0000000071d30000 - 0x0000000071d3f000 	C:\Program Files\Java\jre7\bin\verify.dll
0x0000000071d00000 - 0x0000000071d28000 	C:\Program Files\Java\jre7\bin\java.dll
0x000000006b9a0000 - 0x000000006b9b5000 	C:\Program Files\Java\jre7\bin\zip.dll
0x000000006b910000 - 0x000000006b929000 	C:\Program Files\Java\jre7\bin\net.dll
0x000007fefc620000 - 0x000007fefc675000 	C:\windows\system32\mswsock.dll
0x000007fefc6c0000 - 0x000007fefc6c7000 	C:\windows\System32\wship6.dll
0x000000006b8f0000 - 0x000000006b901000 	C:\Program Files\Java\jre7\bin\nio.dll
0x000007fefc350000 - 0x000007fefc357000 	C:\windows\System32\wshtcpip.dll
0x000007fefc2f0000 - 0x000007fefc34b000 	C:\windows\system32\DNSAPI.dll
0x00000000736b0000 - 0x00000000736d6000 	C:\Program Files\Bonjour\mdnsNSP.dll
0x000007fefb150000 - 0x000007fefb177000 	C:\windows\system32\Iphlpapi.DLL
0x000007fefb140000 - 0x000007fefb14b000 	C:\windows\system32\WINNSI.DLL
0x000007feed370000 - 0x000007feed378000 	C:\windows\system32\rasadhlp.dll
0x000007fefadf0000 - 0x000007fefae43000 	C:\windows\System32\fwpuclnt.dll
0x000007fefac60000 - 0x000007fefac78000 	C:\windows\system32\dhcpcsvc.DLL
0x000007fefabe0000 - 0x000007fefabf1000 	C:\windows\system32\dhcpcsvc6.DLL

VM Arguments:
jvm_args: -Dliferay.lib.portal.dir=D:\sdk\liferay-portal-6.2-ce-ga5\tomcat-7.0.62\webapps\ROOT\WEB-INF\lib 
java_command: com.liferay.portal.tools.SassToCssBuilder sass.dir=/ sass.docroot.dir=D:/sdk/bryoag-plugins-sdk-6.2-ga6/themes/st-theme/docroot sass.portal.common.dir=D:\sdk\liferay-portal-6.2-ce-ga5\tomcat-7.0.62\webapps\ROOT/html/css/common
Launcher Type: SUN_STANDARD

Environment Variables:
PATH=C:\windows\system32;C:\Program Files (x86)\Lenovo\Access Connections\;C:\Program Files\Intel\WiFi\bin\;C:\Program Files\Common Files\Intel\WirelessCommon\
USERNAME=jahangeerahmed
OS=Windows_NT
PROCESSOR_IDENTIFIER=Intel64 Family 6 Model 60 Stepping 3, GenuineIntel



---------------  S Y S T E M  ---------------

OS: Windows 7 , 64 bit Build 7601 Service Pack 1

CPU:total 4 (2 cores per cpu, 2 threads per core) family 6 model 60 stepping 3, cmov, cx8, fxsr, mmx, sse, sse2, sse3, ssse3, sse4.1, sse4.2, popcnt, avx, avx2, ht, tsc, tscinvbit

Memory: 4k page, physical 16491136k(1149684k free), swap 31854496k(4056k free)

vm_info: Java HotSpot(TM) 64-Bit Server VM (23.21-b01) for windows-amd64 JRE (1.7.0_21-b11), built on Apr  4 2013 08:11:28 by "java_re" with unknown MS VC++:1600

time: Tue Feb 28 15:43:06 2017
elapsed time: 81 seconds

